<?xml version='1.0' encoding='UTF-8'?>
<testsuite hostname="UKFNQHF24YPL" name="EncodedStringTraitSpec" tests="4" errors="0" failures="0" skipped="0" time="0.005" timestamp="2025-08-22T10:46:39">
          <properties>
[...]
</properties>
          <testcase classname="EncodedStringTraitSpec" name="EncodedStringTrait should decode a simple string correctly" time="0.004">
                      
                    </testcase><testcase classname="EncodedStringTraitSpec" name="EncodedStringTrait should decode a string with multiple digits correctly" time="0.0">
                      
                    </testcase><testcase classname="EncodedStringTraitSpec" name="EncodedStringTrait should decode a nested string correctly" time="0.001">
                      
                    </testcase><testcase classname="EncodedStringTraitSpec" name="EncodedStringTrait should decode a string where the number is more than one digit" time="0.0">
                      
                    </testcase>
          <system-out><![CDATA[]]></system-out>
          <system-err><![CDATA[]]></system-err>
        </testsuite>